<?xml version="1.0" encoding="UTF-8"?>
<testsuite xmlns:xsi="http://www.w3.org/2001/XMLSchema-instance" xsi:noNamespaceSchemaLocation="https://maven.apache.org/surefire/maven-surefire-plugin/xsd/surefire-test-report.xsd" name="com.qiong.handshaker.AppTest" time="0.128" tests="4" errors="0" skipped="0" failures="0">
  <properties>
[...]
</properties>
  <testcase name="nullTest" classname="com.qiong.handshaker.AppTest" time="0"/>
  <testcase name="jackson" classname="com.qiong.handshaker.AppTest" time="0.125"/>
  <testcase name="code" classname="com.qiong.handshaker.AppTest" time="0.002"/>
  <testcase name="json" classname="com.qiong.handshaker.AppTest" time="0.001"/>
</testsuite>